2024-08-19 11:19:12,536 CRIT Supervisor is running as root.  Privileges were not dropped because no user is specified in the config file.  If you intend to run as root, you can set user=root in the config file to avoid this message.
2024-08-19 11:19:12,538 INFO supervisord started with pid 1
2024-08-19 11:19:13,539 INFO spawned: 'laravel-reverb_00' with pid 7
2024-08-19 11:19:13,540 INFO spawned: 'laravel-reverb-worker_00' with pid 8
2024-08-19 11:19:13,692 WARN exited: laravel-reverb-worker_00 (exit status 1; not expected)
2024-08-19 11:19:14,692 INFO success: laravel-reverb_00 entered RUNNING state, process has stayed up for > than 1 seconds (startsecs)
2024-08-19 11:19:14,697 INFO spawned: 'laravel-reverb-worker_00' with pid 17
2024-08-19 11:19:14,919 WARN exited: laravel-reverb-worker_00 (exit status 1; not expected)
2024-08-19 11:19:16,921 INFO spawned: 'laravel-reverb-worker_00' with pid 22
2024-08-19 11:19:17,064 WARN exited: laravel-reverb-worker_00 (exit status 1; not expected)
2024-08-19 11:19:20,069 INFO spawned: 'laravel-reverb-worker_00' with pid 27
2024-08-19 11:19:20,299 WARN exited: laravel-reverb-worker_00 (exit status 1; not expected)
2024-08-19 11:19:21,299 INFO gave up: laravel-reverb-worker_00 entered FATAL state, too many start retries too quickly
2024-08-19 11:20:12,349 WARN received SIGQUIT indicating exit request
2024-08-19 11:20:12,350 INFO waiting for laravel-reverb_00 to die
2024-08-19 11:20:13,359 INFO stopped: laravel-reverb_00 (exit status 0)
2024-08-19 11:40:05,358 CRIT Supervisor is running as root.  Privileges were not dropped because no user is specified in the config file.  If you intend to run as root, you can set user=root in the config file to avoid this message.
2024-08-19 11:40:05,359 INFO supervisord started with pid 1
2024-08-19 11:40:06,361 INFO spawned: 'laravel-reverb_00' with pid 7
2024-08-19 11:40:06,362 INFO spawned: 'laravel-reverb-worker_00' with pid 8
2024-08-19 11:40:06,537 WARN exited: laravel-reverb-worker_00 (exit status 1; not expected)
2024-08-19 11:40:07,543 INFO success: laravel-reverb_00 entered RUNNING state, process has stayed up for > than 1 seconds (startsecs)
2024-08-19 11:40:07,544 INFO spawned: 'laravel-reverb-worker_00' with pid 17
2024-08-19 11:40:07,684 WARN exited: laravel-reverb-worker_00 (exit status 1; not expected)
2024-08-19 11:40:09,689 INFO spawned: 'laravel-reverb-worker_00' with pid 22
2024-08-19 11:40:09,919 WARN exited: laravel-reverb-worker_00 (exit status 1; not expected)
2024-08-19 11:40:12,926 INFO spawned: 'laravel-reverb-worker_00' with pid 27
2024-08-19 11:40:13,173 WARN exited: laravel-reverb-worker_00 (exit status 1; not expected)
2024-08-19 11:40:14,174 INFO gave up: laravel-reverb-worker_00 entered FATAL state, too many start retries too quickly
2024-08-19 11:40:29,192 WARN received SIGQUIT indicating exit request
2024-08-19 11:40:29,193 INFO waiting for laravel-reverb_00 to die
2024-08-19 11:40:30,214 INFO stopped: laravel-reverb_00 (exit status 0)
2024-08-19 11:40:36,305 CRIT Supervisor is running as root.  Privileges were not dropped because no user is specified in the config file.  If you intend to run as root, you can set user=root in the config file to avoid this message.
2024-08-19 11:40:36,306 INFO supervisord started with pid 1
2024-08-19 11:40:37,308 INFO spawned: 'laravel-reverb_00' with pid 7
2024-08-19 11:40:37,309 INFO spawned: 'laravel-reverb-worker_00' with pid 8
2024-08-19 11:40:37,466 WARN exited: laravel-reverb-worker_00 (exit status 1; not expected)
2024-08-19 11:40:38,469 INFO success: laravel-reverb_00 entered RUNNING state, process has stayed up for > than 1 seconds (startsecs)
2024-08-19 11:40:38,472 INFO spawned: 'laravel-reverb-worker_00' with pid 17
2024-08-19 11:40:38,683 WARN exited: laravel-reverb-worker_00 (exit status 1; not expected)
2024-08-19 11:40:40,685 INFO spawned: 'laravel-reverb-worker_00' with pid 22
2024-08-19 11:40:40,842 WARN exited: laravel-reverb-worker_00 (exit status 1; not expected)
2024-08-19 11:40:43,846 INFO spawned: 'laravel-reverb-worker_00' with pid 27
2024-08-19 11:40:44,011 WARN received SIGQUIT indicating exit request
2024-08-19 11:40:44,011 INFO waiting for laravel-reverb_00, laravel-reverb-worker_00 to die
2024-08-19 11:40:44,018 WARN stopped: laravel-reverb-worker_00 (exit status 1)
2024-08-19 11:40:44,026 INFO stopped: laravel-reverb_00 (exit status 0)
2024-08-19 11:40:46,408 CRIT Supervisor is running as root.  Privileges were not dropped because no user is specified in the config file.  If you intend to run as root, you can set user=root in the config file to avoid this message.
2024-08-19 11:40:46,410 INFO supervisord started with pid 1
2024-08-19 11:40:47,415 INFO spawned: 'laravel-reverb_00' with pid 7
2024-08-19 11:40:47,423 INFO spawned: 'laravel-reverb-worker_00' with pid 8
2024-08-19 11:40:47,646 WARN exited: laravel-reverb-worker_00 (exit status 1; not expected)
2024-08-19 11:40:48,648 INFO success: laravel-reverb_00 entered RUNNING state, process has stayed up for > than 1 seconds (startsecs)
2024-08-19 11:40:48,651 INFO spawned: 'laravel-reverb-worker_00' with pid 17
2024-08-19 11:40:48,893 WARN exited: laravel-reverb-worker_00 (exit status 1; not expected)
2024-08-19 11:40:50,896 INFO spawned: 'laravel-reverb-worker_00' with pid 22
2024-08-19 11:40:51,042 WARN exited: laravel-reverb-worker_00 (exit status 1; not expected)
2024-08-19 11:40:54,048 INFO spawned: 'laravel-reverb-worker_00' with pid 27
2024-08-19 11:40:54,275 WARN exited: laravel-reverb-worker_00 (exit status 1; not expected)
2024-08-19 11:40:55,276 INFO gave up: laravel-reverb-worker_00 entered FATAL state, too many start retries too quickly
2024-08-19 11:43:44,446 WARN received SIGQUIT indicating exit request
2024-08-19 11:43:44,447 INFO waiting for laravel-reverb_00 to die
2024-08-19 11:43:45,500 INFO stopped: laravel-reverb_00 (exit status 0)
2024-08-19 11:44:01,852 CRIT Supervisor is running as root.  Privileges were not dropped because no user is specified in the config file.  If you intend to run as root, you can set user=root in the config file to avoid this message.
2024-08-19 11:44:01,854 INFO supervisord started with pid 1
2024-08-19 11:44:02,856 INFO spawned: 'laravel-reverb_00' with pid 7
2024-08-19 11:44:02,857 INFO spawned: 'laravel-reverb-worker_00' with pid 8
2024-08-19 11:44:03,029 WARN exited: laravel-reverb-worker_00 (exit status 1; not expected)
2024-08-19 11:44:04,030 INFO success: laravel-reverb_00 entered RUNNING state, process has stayed up for > than 1 seconds (startsecs)
2024-08-19 11:44:04,033 INFO spawned: 'laravel-reverb-worker_00' with pid 17
2024-08-19 11:44:04,294 WARN exited: laravel-reverb-worker_00 (exit status 1; not expected)
2024-08-19 11:44:06,297 INFO spawned: 'laravel-reverb-worker_00' with pid 22
2024-08-19 11:44:06,439 WARN exited: laravel-reverb-worker_00 (exit status 1; not expected)
2024-08-19 11:44:09,445 INFO spawned: 'laravel-reverb-worker_00' with pid 27
2024-08-19 11:44:09,669 WARN exited: laravel-reverb-worker_00 (exit status 1; not expected)
2024-08-19 11:44:10,670 INFO gave up: laravel-reverb-worker_00 entered FATAL state, too many start retries too quickly
2024-08-19 11:46:26,805 WARN received SIGQUIT indicating exit request
2024-08-19 11:46:26,805 INFO waiting for laravel-reverb_00 to die
2024-08-19 11:46:27,844 INFO stopped: laravel-reverb_00 (exit status 0)
2024-08-19 11:46:36,603 CRIT Supervisor is running as root.  Privileges were not dropped because no user is specified in the config file.  If you intend to run as root, you can set user=root in the config file to avoid this message.
2024-08-19 11:46:36,604 INFO supervisord started with pid 1
2024-08-19 11:46:37,607 INFO spawned: 'laravel-reverb_00' with pid 7
2024-08-19 11:46:37,608 INFO spawned: 'laravel-reverb-worker_00' with pid 8
2024-08-19 11:46:37,760 WARN exited: laravel-reverb-worker_00 (exit status 1; not expected)
2024-08-19 11:46:38,761 INFO success: laravel-reverb_00 entered RUNNING state, process has stayed up for > than 1 seconds (startsecs)
2024-08-19 11:46:38,762 INFO spawned: 'laravel-reverb-worker_00' with pid 17
2024-08-19 11:46:38,937 WARN exited: laravel-reverb-worker_00 (exit status 1; not expected)
2024-08-19 11:46:40,942 INFO spawned: 'laravel-reverb-worker_00' with pid 22
2024-08-19 11:46:41,095 WARN exited: laravel-reverb-worker_00 (exit status 1; not expected)
2024-08-19 11:46:44,099 INFO spawned: 'laravel-reverb-worker_00' with pid 27
2024-08-19 11:46:44,264 WARN exited: laravel-reverb-worker_00 (exit status 1; not expected)
2024-08-19 11:46:45,264 INFO gave up: laravel-reverb-worker_00 entered FATAL state, too many start retries too quickly
2024-08-19 11:49:00,399 WARN received SIGQUIT indicating exit request
2024-08-19 11:49:00,400 INFO waiting for laravel-reverb_00 to die
2024-08-19 11:49:01,413 INFO stopped: laravel-reverb_00 (exit status 0)
2024-08-19 11:49:10,595 CRIT Supervisor is running as root.  Privileges were not dropped because no user is specified in the config file.  If you intend to run as root, you can set user=root in the config file to avoid this message.
2024-08-19 11:49:10,600 INFO supervisord started with pid 1
2024-08-19 11:49:11,602 INFO spawned: 'laravel-reverb_00' with pid 7
2024-08-19 11:49:11,603 INFO spawned: 'laravel-reverb-worker_00' with pid 8
2024-08-19 11:49:11,768 WARN exited: laravel-reverb-worker_00 (exit status 1; not expected)
2024-08-19 11:49:12,774 INFO success: laravel-reverb_00 entered RUNNING state, process has stayed up for > than 1 seconds (startsecs)
2024-08-19 11:49:12,775 INFO spawned: 'laravel-reverb-worker_00' with pid 17
2024-08-19 11:49:12,946 WARN exited: laravel-reverb-worker_00 (exit status 1; not expected)
2024-08-19 11:49:14,949 INFO spawned: 'laravel-reverb-worker_00' with pid 22
2024-08-19 11:49:15,115 WARN exited: laravel-reverb-worker_00 (exit status 1; not expected)
2024-08-19 11:49:18,119 INFO spawned: 'laravel-reverb-worker_00' with pid 27
2024-08-19 11:49:18,273 WARN exited: laravel-reverb-worker_00 (exit status 1; not expected)
2024-08-19 11:49:19,274 INFO gave up: laravel-reverb-worker_00 entered FATAL state, too many start retries too quickly
2024-08-19 11:49:32,288 WARN received SIGQUIT indicating exit request
2024-08-19 11:49:32,288 INFO waiting for laravel-reverb_00 to die
2024-08-19 11:49:33,300 INFO stopped: laravel-reverb_00 (exit status 0)
2024-08-19 11:49:51,864 CRIT Supervisor is running as root.  Privileges were not dropped because no user is specified in the config file.  If you intend to run as root, you can set user=root in the config file to avoid this message.
2024-08-19 11:49:51,866 INFO supervisord started with pid 1
2024-08-19 11:49:52,867 INFO spawned: 'laravel-reverb_00' with pid 7
2024-08-19 11:49:52,868 INFO spawned: 'laravel-reverb-worker_00' with pid 8
2024-08-19 11:49:53,022 WARN exited: laravel-reverb-worker_00 (exit status 1; not expected)
2024-08-19 11:49:54,025 INFO success: laravel-reverb_00 entered RUNNING state, process has stayed up for > than 1 seconds (startsecs)
2024-08-19 11:49:54,026 INFO spawned: 'laravel-reverb-worker_00' with pid 17
2024-08-19 11:49:54,178 WARN exited: laravel-reverb-worker_00 (exit status 1; not expected)
2024-08-19 11:49:56,183 INFO spawned: 'laravel-reverb-worker_00' with pid 22
2024-08-19 11:49:56,408 WARN exited: laravel-reverb-worker_00 (exit status 1; not expected)
2024-08-19 11:49:59,415 INFO spawned: 'laravel-reverb-worker_00' with pid 27
2024-08-19 11:49:59,663 WARN exited: laravel-reverb-worker_00 (exit status 1; not expected)
2024-08-19 11:50:00,663 INFO gave up: laravel-reverb-worker_00 entered FATAL state, too many start retries too quickly
2024-08-19 11:50:15,678 WARN received SIGQUIT indicating exit request
2024-08-19 11:50:15,679 INFO waiting for laravel-reverb_00 to die
2024-08-19 11:50:16,727 INFO stopped: laravel-reverb_00 (exit status 0)
2024-08-19 11:50:22,511 CRIT Supervisor is running as root.  Privileges were not dropped because no user is specified in the config file.  If you intend to run as root, you can set user=root in the config file to avoid this message.
2024-08-19 11:50:22,515 INFO supervisord started with pid 1
2024-08-19 11:50:23,516 INFO spawned: 'laravel-reverb_00' with pid 7
2024-08-19 11:50:23,517 INFO spawned: 'laravel-reverb-worker_00' with pid 8
2024-08-19 11:50:23,673 WARN exited: laravel-reverb-worker_00 (exit status 1; not expected)
2024-08-19 11:50:24,673 INFO success: laravel-reverb_00 entered RUNNING state, process has stayed up for > than 1 seconds (startsecs)
2024-08-19 11:50:24,674 INFO spawned: 'laravel-reverb-worker_00' with pid 17
2024-08-19 11:50:24,826 WARN exited: laravel-reverb-worker_00 (exit status 1; not expected)
2024-08-19 11:50:26,832 INFO spawned: 'laravel-reverb-worker_00' with pid 22
2024-08-19 11:50:27,076 WARN exited: laravel-reverb-worker_00 (exit status 1; not expected)
2024-08-19 11:50:30,080 INFO spawned: 'laravel-reverb-worker_00' with pid 27
2024-08-19 11:50:30,242 WARN exited: laravel-reverb-worker_00 (exit status 1; not expected)
2024-08-19 11:50:31,243 INFO gave up: laravel-reverb-worker_00 entered FATAL state, too many start retries too quickly
2024-08-19 11:58:25,722 WARN received SIGQUIT indicating exit request
2024-08-19 11:58:25,723 INFO waiting for laravel-reverb_00 to die
2024-08-19 11:58:26,771 INFO stopped: laravel-reverb_00 (exit status 0)
2024-08-19 11:58:36,745 CRIT Supervisor is running as root.  Privileges were not dropped because no user is specified in the config file.  If you intend to run as root, you can set user=root in the config file to avoid this message.
2024-08-19 11:58:36,746 INFO supervisord started with pid 1
2024-08-19 11:58:37,748 INFO spawned: 'laravel-reverb_00' with pid 7
2024-08-19 11:58:37,749 INFO spawned: 'laravel-reverb-worker_00' with pid 8
2024-08-19 11:58:37,925 WARN exited: laravel-reverb-worker_00 (exit status 1; not expected)
2024-08-19 11:58:38,926 INFO success: laravel-reverb_00 entered RUNNING state, process has stayed up for > than 1 seconds (startsecs)
2024-08-19 11:58:38,930 INFO spawned: 'laravel-reverb-worker_00' with pid 17
2024-08-19 11:58:39,161 WARN exited: laravel-reverb-worker_00 (exit status 1; not expected)
2024-08-19 11:58:41,164 INFO spawned: 'laravel-reverb-worker_00' with pid 22
2024-08-19 11:58:41,314 WARN exited: laravel-reverb-worker_00 (exit status 1; not expected)
2024-08-19 11:58:44,320 INFO spawned: 'laravel-reverb-worker_00' with pid 27
2024-08-19 11:58:44,504 WARN exited: laravel-reverb-worker_00 (exit status 1; not expected)
2024-08-19 11:58:45,505 INFO gave up: laravel-reverb-worker_00 entered FATAL state, too many start retries too quickly
2024-08-19 12:00:25,604 WARN received SIGQUIT indicating exit request
2024-08-19 12:00:25,608 INFO waiting for laravel-reverb_00 to die
2024-08-19 12:00:26,648 INFO stopped: laravel-reverb_00 (exit status 0)
2024-08-19 12:00:39,181 CRIT Supervisor is running as root.  Privileges were not dropped because no user is specified in the config file.  If you intend to run as root, you can set user=root in the config file to avoid this message.
2024-08-19 12:00:39,188 INFO supervisord started with pid 1
2024-08-19 12:00:40,190 INFO spawned: 'laravel-reverb_00' with pid 7
2024-08-19 12:00:40,192 INFO spawned: 'laravel-reverb-worker_00' with pid 8
2024-08-19 12:00:40,342 WARN exited: laravel-reverb-worker_00 (exit status 1; not expected)
2024-08-19 12:00:41,343 INFO success: laravel-reverb_00 entered RUNNING state, process has stayed up for > than 1 seconds (startsecs)
2024-08-19 12:00:41,348 INFO spawned: 'laravel-reverb-worker_00' with pid 17
2024-08-19 12:00:41,599 WARN exited: laravel-reverb-worker_00 (exit status 1; not expected)
2024-08-19 12:00:43,603 INFO spawned: 'laravel-reverb-worker_00' with pid 22
2024-08-19 12:00:43,767 WARN exited: laravel-reverb-worker_00 (exit status 1; not expected)
2024-08-19 12:00:46,775 INFO spawned: 'laravel-reverb-worker_00' with pid 27
2024-08-19 12:00:46,971 WARN exited: laravel-reverb-worker_00 (exit status 1; not expected)
2024-08-19 12:00:47,971 INFO gave up: laravel-reverb-worker_00 entered FATAL state, too many start retries too quickly
2024-08-19 12:00:50,974 WARN received SIGQUIT indicating exit request
2024-08-19 12:00:50,974 INFO waiting for laravel-reverb_00 to die
2024-08-19 12:00:52,014 INFO stopped: laravel-reverb_00 (exit status 0)
2024-08-19 12:00:52,703 CRIT Supervisor is running as root.  Privileges were not dropped because no user is specified in the config file.  If you intend to run as root, you can set user=root in the config file to avoid this message.
2024-08-19 12:00:52,704 INFO supervisord started with pid 1
2024-08-19 12:00:53,709 INFO spawned: 'laravel-reverb_00' with pid 7
2024-08-19 12:00:53,713 INFO spawned: 'laravel-reverb-worker_00' with pid 8
2024-08-19 12:00:53,959 WARN exited: laravel-reverb-worker_00 (exit status 1; not expected)
2024-08-19 12:00:54,960 INFO success: laravel-reverb_00 entered RUNNING state, process has stayed up for > than 1 seconds (startsecs)
2024-08-19 12:00:54,962 INFO spawned: 'laravel-reverb-worker_00' with pid 17
2024-08-19 12:00:55,108 WARN exited: laravel-reverb-worker_00 (exit status 1; not expected)
2024-08-19 12:00:57,113 INFO spawned: 'laravel-reverb-worker_00' with pid 22
2024-08-19 12:00:57,375 WARN exited: laravel-reverb-worker_00 (exit status 1; not expected)
2024-08-19 12:01:00,381 INFO spawned: 'laravel-reverb-worker_00' with pid 27
2024-08-19 12:01:00,633 WARN exited: laravel-reverb-worker_00 (exit status 1; not expected)
2024-08-19 12:01:01,634 INFO gave up: laravel-reverb-worker_00 entered FATAL state, too many start retries too quickly
2024-08-19 12:04:56,875 WARN received SIGQUIT indicating exit request
2024-08-19 12:04:56,875 INFO waiting for laravel-reverb_00 to die
2024-08-19 12:04:57,910 INFO stopped: laravel-reverb_00 (exit status 0)
2024-08-19 12:05:05,966 CRIT Supervisor is running as root.  Privileges were not dropped because no user is specified in the config file.  If you intend to run as root, you can set user=root in the config file to avoid this message.
2024-08-19 12:05:05,968 INFO supervisord started with pid 1
2024-08-19 12:05:06,970 INFO spawned: 'laravel-reverb_00' with pid 7
2024-08-19 12:05:06,971 INFO spawned: 'laravel-reverb-worker_00' with pid 8
2024-08-19 12:05:07,131 WARN exited: laravel-reverb-worker_00 (exit status 1; not expected)
2024-08-19 12:05:08,137 INFO success: laravel-reverb_00 entered RUNNING state, process has stayed up for > than 1 seconds (startsecs)
2024-08-19 12:05:08,140 INFO spawned: 'laravel-reverb-worker_00' with pid 17
2024-08-19 12:05:08,380 WARN exited: laravel-reverb-worker_00 (exit status 1; not expected)
2024-08-19 12:05:10,386 INFO spawned: 'laravel-reverb-worker_00' with pid 22
2024-08-19 12:05:10,600 WARN exited: laravel-reverb-worker_00 (exit status 1; not expected)
2024-08-19 12:05:13,604 INFO spawned: 'laravel-reverb-worker_00' with pid 27
2024-08-19 12:05:13,752 WARN exited: laravel-reverb-worker_00 (exit status 1; not expected)
2024-08-19 12:05:14,752 INFO gave up: laravel-reverb-worker_00 entered FATAL state, too many start retries too quickly
2024-08-19 12:05:38,776 WARN received SIGQUIT indicating exit request
2024-08-19 12:05:38,777 INFO waiting for laravel-reverb_00 to die
2024-08-19 12:05:39,785 INFO stopped: laravel-reverb_00 (exit status 0)
2024-08-19 12:05:43,788 CRIT Supervisor is running as root.  Privileges were not dropped because no user is specified in the config file.  If you intend to run as root, you can set user=root in the config file to avoid this message.
2024-08-19 12:05:43,790 INFO supervisord started with pid 1
2024-08-19 12:05:44,791 INFO spawned: 'laravel-reverb_00' with pid 7
2024-08-19 12:05:44,792 INFO spawned: 'laravel-reverb-worker_00' with pid 8
2024-08-19 12:05:44,943 WARN exited: laravel-reverb-worker_00 (exit status 1; not expected)
2024-08-19 12:05:45,943 INFO success: laravel-reverb_00 entered RUNNING state, process has stayed up for > than 1 seconds (startsecs)
2024-08-19 12:05:45,944 INFO spawned: 'laravel-reverb-worker_00' with pid 17
2024-08-19 12:05:46,091 WARN exited: laravel-reverb-worker_00 (exit status 1; not expected)
2024-08-19 12:05:48,094 INFO spawned: 'laravel-reverb-worker_00' with pid 22
2024-08-19 12:05:48,299 WARN exited: laravel-reverb-worker_00 (exit status 1; not expected)
2024-08-19 12:05:51,303 INFO spawned: 'laravel-reverb-worker_00' with pid 27
2024-08-19 12:05:51,460 WARN exited: laravel-reverb-worker_00 (exit status 1; not expected)
2024-08-19 12:05:52,460 INFO gave up: laravel-reverb-worker_00 entered FATAL state, too many start retries too quickly
2024-08-19 12:07:41,568 WARN received SIGQUIT indicating exit request
2024-08-19 12:07:41,568 INFO waiting for laravel-reverb_00 to die
2024-08-19 12:07:42,578 INFO stopped: laravel-reverb_00 (exit status 0)
2024-08-19 12:07:46,501 CRIT Supervisor is running as root.  Privileges were not dropped because no user is specified in the config file.  If you intend to run as root, you can set user=root in the config file to avoid this message.
2024-08-19 12:07:46,502 INFO supervisord started with pid 1
2024-08-19 12:07:47,504 INFO spawned: 'laravel-reverb_00' with pid 7
2024-08-19 12:07:47,505 INFO spawned: 'laravel-reverb-worker_00' with pid 8
2024-08-19 12:07:47,663 WARN exited: laravel-reverb-worker_00 (exit status 1; not expected)
2024-08-19 12:07:48,664 INFO success: laravel-reverb_00 entered RUNNING state, process has stayed up for > than 1 seconds (startsecs)
2024-08-19 12:07:48,667 INFO spawned: 'laravel-reverb-worker_00' with pid 17
2024-08-19 12:07:48,861 WARN exited: laravel-reverb-worker_00 (exit status 1; not expected)
2024-08-19 12:07:50,871 INFO spawned: 'laravel-reverb-worker_00' with pid 22
2024-08-19 12:07:51,098 WARN exited: laravel-reverb-worker_00 (exit status 1; not expected)
2024-08-19 12:07:54,104 INFO spawned: 'laravel-reverb-worker_00' with pid 27
2024-08-19 12:07:54,340 WARN exited: laravel-reverb-worker_00 (exit status 1; not expected)
2024-08-19 12:07:55,340 INFO gave up: laravel-reverb-worker_00 entered FATAL state, too many start retries too quickly
2024-08-19 12:08:19,365 WARN received SIGQUIT indicating exit request
2024-08-19 12:08:19,366 INFO waiting for laravel-reverb_00 to die
2024-08-19 12:08:20,405 INFO stopped: laravel-reverb_00 (exit status 0)
2024-08-19 12:08:23,858 CRIT Supervisor is running as root.  Privileges were not dropped because no user is specified in the config file.  If you intend to run as root, you can set user=root in the config file to avoid this message.
2024-08-19 12:08:23,859 INFO supervisord started with pid 1
2024-08-19 12:08:24,861 INFO spawned: 'laravel-reverb_00' with pid 7
2024-08-19 12:08:24,862 INFO spawned: 'laravel-reverb-worker_00' with pid 8
2024-08-19 12:08:25,011 WARN exited: laravel-reverb-worker_00 (exit status 1; not expected)
2024-08-19 12:08:26,014 INFO success: laravel-reverb_00 entered RUNNING state, process has stayed up for > than 1 seconds (startsecs)
2024-08-19 12:08:26,021 INFO spawned: 'laravel-reverb-worker_00' with pid 17
2024-08-19 12:08:26,232 WARN exited: laravel-reverb-worker_00 (exit status 1; not expected)
2024-08-19 12:08:28,235 INFO spawned: 'laravel-reverb-worker_00' with pid 22
2024-08-19 12:08:28,386 WARN exited: laravel-reverb-worker_00 (exit status 1; not expected)
2024-08-19 12:08:31,390 INFO spawned: 'laravel-reverb-worker_00' with pid 27
2024-08-19 12:08:31,544 WARN exited: laravel-reverb-worker_00 (exit status 1; not expected)
2024-08-19 12:08:32,544 INFO gave up: laravel-reverb-worker_00 entered FATAL state, too many start retries too quickly
2024-08-19 12:14:25,905 WARN received SIGQUIT indicating exit request
2024-08-19 12:14:25,905 INFO waiting for laravel-reverb_00 to die
2024-08-19 12:14:26,945 INFO stopped: laravel-reverb_00 (exit status 0)
2024-08-19 12:14:31,178 CRIT Supervisor is running as root.  Privileges were not dropped because no user is specified in the config file.  If you intend to run as root, you can set user=root in the config file to avoid this message.
2024-08-19 12:14:31,182 INFO supervisord started with pid 1
2024-08-19 12:14:32,183 INFO spawned: 'laravel-reverb_00' with pid 7
2024-08-19 12:14:32,185 INFO spawned: 'laravel-reverb-worker_00' with pid 8
2024-08-19 12:14:32,332 WARN exited: laravel-reverb-worker_00 (exit status 1; not expected)
2024-08-19 12:14:33,332 INFO success: laravel-reverb_00 entered RUNNING state, process has stayed up for > than 1 seconds (startsecs)
2024-08-19 12:14:33,335 INFO spawned: 'laravel-reverb-worker_00' with pid 17
2024-08-19 12:14:33,579 WARN exited: laravel-reverb-worker_00 (exit status 1; not expected)
2024-08-19 12:14:35,584 INFO spawned: 'laravel-reverb-worker_00' with pid 22
2024-08-19 12:14:35,827 WARN exited: laravel-reverb-worker_00 (exit status 1; not expected)
2024-08-19 12:14:38,831 INFO spawned: 'laravel-reverb-worker_00' with pid 27
2024-08-19 12:14:38,983 WARN exited: laravel-reverb-worker_00 (exit status 1; not expected)
2024-08-19 12:14:39,984 INFO gave up: laravel-reverb-worker_00 entered FATAL state, too many start retries too quickly
2024-08-19 12:16:11,078 WARN received SIGQUIT indicating exit request
2024-08-19 12:16:11,078 INFO waiting for laravel-reverb_00 to die
2024-08-19 12:16:12,086 INFO stopped: laravel-reverb_00 (exit status 0)
2024-08-19 12:16:15,908 CRIT Supervisor is running as root.  Privileges were not dropped because no user is specified in the config file.  If you intend to run as root, you can set user=root in the config file to avoid this message.
2024-08-19 12:16:15,910 INFO supervisord started with pid 1
2024-08-19 12:16:16,912 INFO spawned: 'laravel-reverb_00' with pid 7
2024-08-19 12:16:16,913 INFO spawned: 'laravel-reverb-worker_00' with pid 8
2024-08-19 12:16:17,064 WARN exited: laravel-reverb-worker_00 (exit status 1; not expected)
2024-08-19 12:16:18,065 INFO success: laravel-reverb_00 entered RUNNING state, process has stayed up for > than 1 seconds (startsecs)
2024-08-19 12:16:18,070 INFO spawned: 'laravel-reverb-worker_00' with pid 17
2024-08-19 12:16:18,280 WARN exited: laravel-reverb-worker_00 (exit status 1; not expected)
2024-08-19 12:16:20,288 INFO spawned: 'laravel-reverb-worker_00' with pid 22
2024-08-19 12:16:20,534 WARN exited: laravel-reverb-worker_00 (exit status 1; not expected)
2024-08-19 12:16:23,539 INFO spawned: 'laravel-reverb-worker_00' with pid 27
2024-08-19 12:16:23,809 WARN exited: laravel-reverb-worker_00 (exit status 1; not expected)
2024-08-19 12:16:24,810 INFO gave up: laravel-reverb-worker_00 entered FATAL state, too many start retries too quickly
2024-08-19 12:17:20,867 WARN received SIGQUIT indicating exit request
2024-08-19 12:17:20,867 INFO waiting for laravel-reverb_00 to die
2024-08-19 12:17:21,914 INFO stopped: laravel-reverb_00 (exit status 0)
2024-08-19 12:20:37,962 CRIT Supervisor is running as root.  Privileges were not dropped because no user is specified in the config file.  If you intend to run as root, you can set user=root in the config file to avoid this message.
2024-08-19 12:20:37,966 INFO supervisord started with pid 1
2024-08-19 12:20:38,968 INFO spawned: 'laravel-reverb_00' with pid 7
2024-08-19 12:20:38,969 INFO spawned: 'laravel-reverb-worker_00' with pid 8
2024-08-19 12:20:39,304 WARN exited: laravel-reverb-worker_00 (exit status 1; not expected)
2024-08-19 12:20:40,305 INFO success: laravel-reverb_00 entered RUNNING state, process has stayed up for > than 1 seconds (startsecs)
2024-08-19 12:20:40,308 INFO spawned: 'laravel-reverb-worker_00' with pid 17
2024-08-19 12:20:40,555 WARN exited: laravel-reverb-worker_00 (exit status 1; not expected)
2024-08-19 12:20:42,558 INFO spawned: 'laravel-reverb-worker_00' with pid 22
2024-08-19 12:20:42,714 WARN exited: laravel-reverb-worker_00 (exit status 1; not expected)
2024-08-19 12:20:45,718 INFO spawned: 'laravel-reverb-worker_00' with pid 27
2024-08-19 12:20:45,868 WARN exited: laravel-reverb-worker_00 (exit status 1; not expected)
2024-08-19 12:20:46,868 INFO gave up: laravel-reverb-worker_00 entered FATAL state, too many start retries too quickly
2024-08-19 12:21:49,932 WARN received SIGQUIT indicating exit request
2024-08-19 12:21:49,932 INFO waiting for laravel-reverb_00 to die
2024-08-19 12:21:50,986 INFO stopped: laravel-reverb_00 (exit status 0)
2024-08-19 12:21:54,737 CRIT Supervisor is running as root.  Privileges were not dropped because no user is specified in the config file.  If you intend to run as root, you can set user=root in the config file to avoid this message.
2024-08-19 12:21:54,738 INFO supervisord started with pid 1
2024-08-19 12:21:55,739 INFO spawned: 'laravel-reverb_00' with pid 8
2024-08-19 12:21:55,740 INFO spawned: 'laravel-reverb-worker_00' with pid 9
2024-08-19 12:21:55,899 WARN exited: laravel-reverb-worker_00 (exit status 1; not expected)
2024-08-19 12:21:56,904 INFO success: laravel-reverb_00 entered RUNNING state, process has stayed up for > than 1 seconds (startsecs)
2024-08-19 12:21:56,907 INFO spawned: 'laravel-reverb-worker_00' with pid 18
2024-08-19 12:21:57,120 WARN exited: laravel-reverb-worker_00 (exit status 1; not expected)
2024-08-19 12:21:59,124 INFO spawned: 'laravel-reverb-worker_00' with pid 23
2024-08-19 12:21:59,326 WARN exited: laravel-reverb-worker_00 (exit status 1; not expected)
2024-08-19 12:22:02,333 INFO spawned: 'laravel-reverb-worker_00' with pid 28
2024-08-19 12:22:02,513 WARN exited: laravel-reverb-worker_00 (exit status 1; not expected)
2024-08-19 12:22:03,514 INFO gave up: laravel-reverb-worker_00 entered FATAL state, too many start retries too quickly
2024-08-19 12:26:44,805 WARN received SIGQUIT indicating exit request
2024-08-19 12:26:44,805 INFO waiting for laravel-reverb_00 to die
2024-08-19 12:26:45,815 INFO stopped: laravel-reverb_00 (exit status 0)
2024-08-19 12:26:49,582 CRIT Supervisor is running as root.  Privileges were not dropped because no user is specified in the config file.  If you intend to run as root, you can set user=root in the config file to avoid this message.
2024-08-19 12:26:49,584 INFO supervisord started with pid 1
2024-08-19 12:26:50,586 INFO spawned: 'laravel-reverb_00' with pid 7
2024-08-19 12:26:50,587 INFO spawned: 'laravel-reverb-worker_00' with pid 8
2024-08-19 12:26:50,741 WARN exited: laravel-reverb-worker_00 (exit status 1; not expected)
2024-08-19 12:26:51,741 INFO success: laravel-reverb_00 entered RUNNING state, process has stayed up for > than 1 seconds (startsecs)
2024-08-19 12:26:51,742 INFO spawned: 'laravel-reverb-worker_00' with pid 17
2024-08-19 12:26:51,889 WARN exited: laravel-reverb-worker_00 (exit status 1; not expected)
2024-08-19 12:26:53,895 INFO spawned: 'laravel-reverb-worker_00' with pid 22
2024-08-19 12:26:54,099 WARN exited: laravel-reverb-worker_00 (exit status 1; not expected)
2024-08-19 12:26:57,102 INFO spawned: 'laravel-reverb-worker_00' with pid 27
2024-08-19 12:26:57,250 WARN exited: laravel-reverb-worker_00 (exit status 1; not expected)
2024-08-19 12:26:58,251 INFO gave up: laravel-reverb-worker_00 entered FATAL state, too many start retries too quickly
2024-08-19 12:27:34,291 WARN received SIGQUIT indicating exit request
2024-08-19 12:27:34,292 INFO waiting for laravel-reverb_00 to die
2024-08-19 12:27:35,302 INFO stopped: laravel-reverb_00 (exit status 0)
2024-08-19 12:28:28,535 CRIT Supervisor is running as root.  Privileges were not dropped because no user is specified in the config file.  If you intend to run as root, you can set user=root in the config file to avoid this message.
2024-08-19 12:28:28,537 INFO supervisord started with pid 1
2024-08-19 12:28:29,538 INFO spawned: 'laravel-reverb_00' with pid 7
2024-08-19 12:28:29,539 INFO spawned: 'laravel-reverb-worker_00' with pid 8
2024-08-19 12:28:29,688 WARN exited: laravel-reverb-worker_00 (exit status 1; not expected)
2024-08-19 12:28:30,690 INFO success: laravel-reverb_00 entered RUNNING state, process has stayed up for > than 1 seconds (startsecs)
2024-08-19 12:28:30,693 INFO spawned: 'laravel-reverb-worker_00' with pid 17
2024-08-19 12:28:30,952 WARN exited: laravel-reverb-worker_00 (exit status 1; not expected)
2024-08-19 12:28:32,957 INFO spawned: 'laravel-reverb-worker_00' with pid 22
2024-08-19 12:28:33,190 WARN exited: laravel-reverb-worker_00 (exit status 1; not expected)
2024-08-19 12:28:36,195 INFO spawned: 'laravel-reverb-worker_00' with pid 27
2024-08-19 12:28:36,455 WARN exited: laravel-reverb-worker_00 (exit status 1; not expected)
2024-08-19 12:28:37,456 INFO gave up: laravel-reverb-worker_00 entered FATAL state, too many start retries too quickly
2024-08-19 12:31:30,630 WARN received SIGQUIT indicating exit request
2024-08-19 12:31:30,630 INFO waiting for laravel-reverb_00 to die
2024-08-19 12:31:31,641 INFO stopped: laravel-reverb_00 (exit status 0)
2024-08-19 12:31:35,606 CRIT Supervisor is running as root.  Privileges were not dropped because no user is specified in the config file.  If you intend to run as root, you can set user=root in the config file to avoid this message.
2024-08-19 12:31:35,607 INFO supervisord started with pid 1
2024-08-19 12:31:36,609 INFO spawned: 'laravel-reverb_00' with pid 7
2024-08-19 12:31:36,610 INFO spawned: 'laravel-reverb-worker_00' with pid 8
2024-08-19 12:31:36,761 WARN exited: laravel-reverb-worker_00 (exit status 1; not expected)
2024-08-19 12:31:37,762 INFO success: laravel-reverb_00 entered RUNNING state, process has stayed up for > than 1 seconds (startsecs)
2024-08-19 12:31:37,763 INFO spawned: 'laravel-reverb-worker_00' with pid 17
2024-08-19 12:31:37,912 WARN exited: laravel-reverb-worker_00 (exit status 1; not expected)
2024-08-19 12:31:39,915 INFO spawned: 'laravel-reverb-worker_00' with pid 22
2024-08-19 12:31:40,072 WARN exited: laravel-reverb-worker_00 (exit status 1; not expected)
2024-08-19 12:31:43,075 INFO spawned: 'laravel-reverb-worker_00' with pid 27
2024-08-19 12:31:43,225 WARN exited: laravel-reverb-worker_00 (exit status 1; not expected)
2024-08-19 12:31:44,226 INFO gave up: laravel-reverb-worker_00 entered FATAL state, too many start retries too quickly
2024-08-19 12:32:36,278 WARN received SIGQUIT indicating exit request
2024-08-19 12:32:36,278 INFO waiting for laravel-reverb_00 to die
2024-08-19 12:32:37,287 INFO stopped: laravel-reverb_00 (exit status 0)
2024-08-19 12:35:52,084 CRIT Supervisor is running as root.  Privileges were not dropped because no user is specified in the config file.  If you intend to run as root, you can set user=root in the config file to avoid this message.
2024-08-19 12:35:52,089 INFO supervisord started with pid 1
2024-08-19 12:35:53,091 INFO spawned: 'laravel-reverb_00' with pid 7
2024-08-19 12:35:53,092 INFO spawned: 'laravel-reverb-worker_00' with pid 8
2024-08-19 12:35:53,428 WARN exited: laravel-reverb-worker_00 (exit status 1; not expected)
2024-08-19 12:35:54,429 INFO success: laravel-reverb_00 entered RUNNING state, process has stayed up for > than 1 seconds (startsecs)
2024-08-19 12:35:54,435 INFO spawned: 'laravel-reverb-worker_00' with pid 17
2024-08-19 12:35:54,625 WARN exited: laravel-reverb-worker_00 (exit status 1; not expected)
2024-08-19 12:35:56,631 INFO spawned: 'laravel-reverb-worker_00' with pid 22
2024-08-19 12:35:56,855 WARN exited: laravel-reverb-worker_00 (exit status 1; not expected)
2024-08-19 12:35:59,861 INFO spawned: 'laravel-reverb-worker_00' with pid 27
2024-08-19 12:36:00,101 WARN exited: laravel-reverb-worker_00 (exit status 1; not expected)
2024-08-19 12:36:01,102 INFO gave up: laravel-reverb-worker_00 entered FATAL state, too many start retries too quickly
2024-08-19 12:36:13,116 WARN received SIGQUIT indicating exit request
2024-08-19 12:36:13,116 INFO waiting for laravel-reverb_00 to die
2024-08-19 12:36:15,152 INFO stopped: laravel-reverb_00 (exit status 0)
2024-08-19 12:42:50,601 CRIT Supervisor is running as root.  Privileges were not dropped because no user is specified in the config file.  If you intend to run as root, you can set user=root in the config file to avoid this message.
2024-08-19 12:42:50,606 INFO supervisord started with pid 1
2024-08-19 12:42:51,611 INFO spawned: 'laravel-reverb_00' with pid 7
2024-08-19 12:42:51,612 INFO spawned: 'laravel-worker_00' with pid 8
2024-08-19 12:42:51,957 WARN exited: laravel-worker_00 (exit status 1; not expected)
2024-08-19 12:42:52,959 INFO success: laravel-reverb_00 entered RUNNING state, process has stayed up for > than 1 seconds (startsecs)
2024-08-19 12:42:52,962 INFO spawned: 'laravel-worker_00' with pid 17
2024-08-19 12:42:53,202 WARN exited: laravel-worker_00 (exit status 1; not expected)
2024-08-19 12:42:55,207 INFO spawned: 'laravel-worker_00' with pid 22
2024-08-19 12:42:55,440 WARN exited: laravel-worker_00 (exit status 1; not expected)
2024-08-19 12:42:58,443 INFO spawned: 'laravel-worker_00' with pid 27
2024-08-19 12:42:58,608 WARN exited: laravel-worker_00 (exit status 1; not expected)
2024-08-19 12:42:59,609 INFO gave up: laravel-worker_00 entered FATAL state, too many start retries too quickly
2024-08-19 12:43:34,645 WARN received SIGQUIT indicating exit request
2024-08-19 12:43:34,645 INFO waiting for laravel-reverb_00 to die
2024-08-19 12:43:35,698 INFO stopped: laravel-reverb_00 (exit status 0)
2024-08-19 12:43:42,675 CRIT Supervisor is running as root.  Privileges were not dropped because no user is specified in the config file.  If you intend to run as root, you can set user=root in the config file to avoid this message.
2024-08-19 12:43:42,677 INFO supervisord started with pid 1
2024-08-19 12:43:43,679 INFO spawned: 'laravel-reverb_00' with pid 7
2024-08-19 12:43:43,680 INFO spawned: 'laravel-worker_00' with pid 8
2024-08-19 12:43:43,903 WARN exited: laravel-worker_00 (exit status 1; not expected)
2024-08-19 12:43:44,904 INFO success: laravel-reverb_00 entered RUNNING state, process has stayed up for > than 1 seconds (startsecs)
2024-08-19 12:43:44,909 INFO spawned: 'laravel-worker_00' with pid 17
2024-08-19 12:43:45,114 WARN exited: laravel-worker_00 (exit status 1; not expected)
2024-08-19 12:43:47,116 INFO spawned: 'laravel-worker_00' with pid 22
2024-08-19 12:43:47,261 WARN exited: laravel-worker_00 (exit status 1; not expected)
2024-08-19 12:43:50,269 INFO spawned: 'laravel-worker_00' with pid 27
2024-08-19 12:43:50,530 WARN exited: laravel-worker_00 (exit status 1; not expected)
2024-08-19 12:43:51,531 INFO gave up: laravel-worker_00 entered FATAL state, too many start retries too quickly
2024-08-19 12:43:57,537 WARN received SIGQUIT indicating exit request
2024-08-19 12:43:57,537 INFO waiting for laravel-reverb_00 to die
2024-08-19 12:43:58,548 INFO stopped: laravel-reverb_00 (exit status 0)
2024-08-19 12:44:07,666 CRIT Supervisor is running as root.  Privileges were not dropped because no user is specified in the config file.  If you intend to run as root, you can set user=root in the config file to avoid this message.
2024-08-19 12:44:07,669 INFO supervisord started with pid 1
2024-08-19 12:44:08,671 INFO spawned: 'laravel-reverb_00' with pid 7
2024-08-19 12:44:08,672 INFO spawned: 'laravel-worker_00' with pid 8
2024-08-19 12:44:08,834 WARN exited: laravel-worker_00 (exit status 1; not expected)
2024-08-19 12:44:09,835 INFO success: laravel-reverb_00 entered RUNNING state, process has stayed up for > than 1 seconds (startsecs)
2024-08-19 12:44:09,836 INFO spawned: 'laravel-worker_00' with pid 17
2024-08-19 12:44:10,086 WARN exited: laravel-worker_00 (exit status 1; not expected)
2024-08-19 12:44:12,090 INFO spawned: 'laravel-worker_00' with pid 22
2024-08-19 12:44:12,314 WARN exited: laravel-worker_00 (exit status 1; not expected)
2024-08-19 12:44:15,321 INFO spawned: 'laravel-worker_00' with pid 27
2024-08-19 12:44:15,556 WARN exited: laravel-worker_00 (exit status 1; not expected)
2024-08-19 12:44:16,556 INFO gave up: laravel-worker_00 entered FATAL state, too many start retries too quickly
2024-08-19 12:45:14,616 WARN received SIGQUIT indicating exit request
2024-08-19 12:45:14,616 INFO waiting for laravel-reverb_00 to die
2024-08-19 12:45:15,629 INFO stopped: laravel-reverb_00 (exit status 0)
2024-08-19 12:45:20,890 CRIT Supervisor is running as root.  Privileges were not dropped because no user is specified in the config file.  If you intend to run as root, you can set user=root in the config file to avoid this message.
2024-08-19 12:45:20,892 INFO supervisord started with pid 1
2024-08-19 12:45:21,893 INFO spawned: 'laravel-reverb_00' with pid 7
2024-08-19 12:45:21,894 INFO spawned: 'laravel-worker_00' with pid 8
2024-08-19 12:45:22,045 WARN exited: laravel-worker_00 (exit status 1; not expected)
2024-08-19 12:45:23,046 INFO success: laravel-reverb_00 entered RUNNING state, process has stayed up for > than 1 seconds (startsecs)
2024-08-19 12:45:23,047 INFO spawned: 'laravel-worker_00' with pid 17
2024-08-19 12:45:23,213 WARN exited: laravel-worker_00 (exit status 1; not expected)
2024-08-19 12:45:25,216 INFO spawned: 'laravel-worker_00' with pid 22
2024-08-19 12:45:25,392 WARN exited: laravel-worker_00 (exit status 1; not expected)
2024-08-19 12:45:28,396 INFO spawned: 'laravel-worker_00' with pid 27
2024-08-19 12:45:28,556 WARN exited: laravel-worker_00 (exit status 1; not expected)
2024-08-19 12:45:29,557 INFO gave up: laravel-worker_00 entered FATAL state, too many start retries too quickly
2024-08-19 12:45:30,558 WARN received SIGQUIT indicating exit request
2024-08-19 12:45:30,558 INFO waiting for laravel-reverb_00 to die
2024-08-19 12:45:31,596 INFO stopped: laravel-reverb_00 (exit status 0)
2024-08-19 12:51:35,893 CRIT Supervisor is running as root.  Privileges were not dropped because no user is specified in the config file.  If you intend to run as root, you can set user=root in the config file to avoid this message.
2024-08-19 12:51:35,897 INFO supervisord started with pid 1
2024-08-19 12:51:36,898 INFO spawned: 'laravel-reverb_00' with pid 7
2024-08-19 12:51:36,900 INFO spawned: 'laravel-worker_00' with pid 8
2024-08-19 12:51:36,901 INFO spawned: 'php-fpm' with pid 9
2024-08-19 12:51:37,196 WARN exited: laravel-worker_00 (exit status 1; not expected)
2024-08-19 12:51:38,196 INFO success: laravel-reverb_00 entered RUNNING state, process has stayed up for > than 1 seconds (startsecs)
2024-08-19 12:51:38,199 INFO spawned: 'laravel-worker_00' with pid 20
2024-08-19 12:51:38,200 INFO success: php-fpm entered RUNNING state, process has stayed up for > than 1 seconds (startsecs)
2024-08-19 12:51:38,413 WARN exited: laravel-worker_00 (exit status 1; not expected)
2024-08-19 12:51:40,821 INFO spawned: 'laravel-worker_00' with pid 25
2024-08-19 12:51:40,974 WARN exited: laravel-worker_00 (exit status 1; not expected)
2024-08-19 12:51:44,075 INFO spawned: 'laravel-worker_00' with pid 30
2024-08-19 12:51:44,233 WARN exited: laravel-worker_00 (exit status 1; not expected)
2024-08-19 12:51:44,665 INFO gave up: laravel-worker_00 entered FATAL state, too many start retries too quickly
